<?xml version="1.0" encoding="UTF-8"?>
<testng-results ignored="1" total="4" passed="3" failed="0" skipped="0">
  <reporter-output>
  </reporter-output>
  <suite started-at="2025-03-24T13:00:18 ICT" name="Suite Example" finished-at="2025-03-24T13:00:18 ICT" duration-ms="68">
    <groups>
      <group name="Regression">
        <method signature="groupExample.testCaseFour()[pri:0, instance:groupTest.groupExample@38c6f217]" name="testCaseFour" class="groupTest.groupExample"/>
        <method signature="groupExample.testCaseOne()[pri:0, instance:groupTest.groupExample@38c6f217]" name="testCaseOne" class="groupTest.groupExample"/>
        <method signature="groupExample.testCaseTwo()[pri:0, instance:groupTest.groupExample@38c6f217]" name="testCaseTwo" class="groupTest.groupExample"/>
      </group> <!-- Regression -->
    </groups>
    <test started-at="2025-03-24T13:00:18 ICT" name="testing" finished-at="2025-03-24T13:00:18 ICT" duration-ms="68">
      <class name="groupTest.groupExample">
        <test-method signature="testCaseFour()[pri:0, instance:groupTest.groupExample@38c6f217]" started-at="2025-03-24T13:00:18 ICT" name="testCaseFour" finished-at="2025-03-24T13:00:18 ICT" duration-ms="11" status="PASS">
          <reporter-output>
          </reporter-output>
        </test-method> <!-- testCaseFour -->
        <test-method signature="testCaseOne()[pri:0, instance:groupTest.groupExample@38c6f217]" started-at="2025-03-24T13:00:18 ICT" name="testCaseOne" finished-at="2025-03-24T13:00:18 ICT" duration-ms="2" status="PASS">
          <reporter-output>
          </reporter-output>
        </test-method> <!-- testCaseOne -->
        <test-method signature="testCaseTwo()[pri:0, instance:groupTest.groupExample@38c6f217]" started-at="2025-03-24T13:00:18 ICT" name="testCaseTwo" finished-at="2025-03-24T13:00:18 ICT" duration-ms="3" status="PASS">
          <reporter-output>
          </reporter-output>
        </test-method> <!-- testCaseTwo -->
      </class> <!-- groupTest.groupExample -->
    </test> <!-- testing -->
  </suite> <!-- Suite Example -->
</testng-results>
