<?xml version="1.0" encoding="UTF-8"?>
<!-- Generated by org.testng.reporters.JUnitXMLReporter -->
<testsuite ignored="1" hostname="theanh" failures="0" tests="3" name="testing" time="0.068" errors="0" timestamp="2025-03-24T13:00:18 ICT">
  <testcase classname="groupTest.groupExample" name="testCaseFour" time="0.011"/>
  <testcase classname="groupTest.groupExample" name="testCaseOne" time="0.002"/>
  <testcase classname="groupTest.groupExample" name="testCaseTwo" time="0.003"/>
  <testcase classname="groupTest.groupExample" name="testCaseThree" time="0.0">
    <ignored/>
  </testcase> <!-- testCaseThree -->
</testsuite> <!-- testing -->
