<?xml version="1.0" encoding="UTF-8"?>
<!-- Generated by org.testng.reporters.JUnitXMLReporter -->
<testsuite ignored="0" hostname="theanh" failures="0" tests="4" name="Regresstion suite 1" time="0.094" errors="0" timestamp="2025-03-24T13:00:11 ICT">
  <testcase classname="suiteTest.demoOne" name="firstTestCase" time="0.01"/>
  <testcase classname="suiteTest.demoOne" name="secondTestCase" time="0.001"/>
  <testcase classname="suiteTest.demoTwo" name="firstTestCase" time="0.003"/>
  <testcase classname="suiteTest.demoTwo" name="secondTestCase" time="0.003"/>
</testsuite> <!-- Regresstion suite 1 -->
